<?xml version="1.0" encoding="UTF-8"?>
<!-- Generated by org.testng.reporters.JUnitReportReporter -->
<testsuite hostname="6b9b38f9dea0" name="com.docker.testCases.GoogleSearchTest" tests="2" failures="0" timestamp="15 Jan 2022 18:02:50 GMT" time="7.984" errors="0">
  <testcase name="searchPageTest" time="3.971" classname="com.docker.testCases.GoogleSearchTest"/>
  <testcase name="searchPageTest" time="4.013" classname="com.docker.testCases.GoogleSearchTest"/>
</testsuite> <!-- com.docker.testCases.GoogleSearchTest -->
