<?xml version="1.0" encoding="UTF-8"?>
<!-- Generated by org.testng.reporters.JUnitReportReporter -->
<testsuite hostname="Srinivas" name="com.docker.testCases.GoogleSearchTest" tests="2" failures="0" timestamp="30 Nov 2021 14:40:13 GMT" time="8.054" errors="0">
  <testcase name="searchPageTest" time="4.023" classname="com.docker.testCases.GoogleSearchTest"/>
  <testcase name="searchPageTest" time="4.031" classname="com.docker.testCases.GoogleSearchTest"/>
</testsuite> <!-- com.docker.testCases.GoogleSearchTest -->
