<?xml version="1.0" encoding="UTF-8"?>
<!-- Generated by org.testng.reporters.JUnitReportReporter -->
<testsuite hostname="Srinivas" name="com.docker.testCases.GoogleSearchTest" tests="2" failures="0" timestamp="9 Jan 2022 16:16:16 GMT" time="6.038" errors="0">
  <testcase name="searchPageTest" time="2.892" classname="com.docker.testCases.GoogleSearchTest"/>
  <testcase name="searchPageTest" time="3.146" classname="com.docker.testCases.GoogleSearchTest"/>
</testsuite> <!-- com.docker.testCases.GoogleSearchTest -->
